<?xml version="1.0" ?>
<testsuites failures="0" name="TestXML" tests="1" time="3.897">
	<testsuite name="UserManagement Tests" failures="0"  tests="12" time="0">
		<testcase name="RegisterUserCorrect" time="0"></testcase>
		<testcase name="RegisterUserInvalidOperationException" time="0"></testcase>
		<testcase name="RegisterUserDuplicated" time="0"></testcase>
		<testcase name="RegisterProfileCorrect" time="0"></testcase>
		<testcase name="RegisterProfileInvalidOperationException" time="0"></testcase>
		<testcase name="LoginCorrect" time="0"></testcase>
		<testcase name="LoginNotCorrect" time="0"></testcase>
		<testcase name="LoginNullUsernameAndPassword" time="0"></testcase>
		<testcase name="EditProfileNicknameCorrect" time="0"></testcase>
		<testcase name="EditProfileNicknameInvalidOperationException" time="0"></testcase>
		<testcase name="EditProfileImageCorrect" time="0"></testcase>
		<testcase name="EditProfileImageInvalidOperationException" time="0"></testcase>
	</testsuite>

</testsuites>